<?xml version="1.0" encoding="UTF-8"?>
<testsuite xmlns:xsi="http://www.w3.org/2001/XMLSchema-instance" xsi:noNamespaceSchemaLocation="https://maven.apache.org/surefire/maven-surefire-plugin/xsd/surefire-test-report-3.0.xsd" version="3.0" name="com.udemy.pageclasses.ZapposTestRunner2" time="140.615" tests="3" errors="0" skipped="0" failures="1">
  <properties>
    <property name="sun.desktop" value="windows"/>
    <property name="awt.toolkit" value="sun.awt.windows.WToolkit"/>
    <property name="file.encoding.pkg" value="sun.io"/>
    <property name="java.specification.version" value="1.8"/>
    <property name="webdriver.chrome.driver" value="/D:/Projects/JavaProjects/LearnCucumber/target/test-classes/chromedriver.exe"/>
    <property name="sun.cpu.isalist" value="amd64"/>
    <property name="sun.jnu.encoding" value="Cp1252"/>
    <property name="java.class.path" value="D:\Projects\JavaProjects\LearnCucumber\target\test-classes;D:\Projects\JavaProjects\LearnCucumber\target\classes;C:\Users\c29ra\.m2\repository\junit\junit\4.11\junit-4.11.jar;C:\Users\c29ra\.m2\repository\io\cucumber\cucumber-core\5.7.0\cucumber-core-5.7.0.jar;C:\Users\c29ra\.m2\repository\io\cucumber\cucumber-gherkin\5.7.0\cucumber-gherkin-5.7.0.jar;C:\Users\c29ra\.m2\repository\io\cucumber\cucumber-gherkin-vintage\5.7.0\cucumber-gherkin-vintage-5.7.0.jar;C:\Users\c29ra\.m2\repository\io\cucumber\tag-expressions\2.0.4\tag-expressions-2.0.4.jar;C:\Users\c29ra\.m2\repository\io\cucumber\cucumber-expressions\8.3.1\cucumber-expressions-8.3.1.jar;C:\Users\c29ra\.m2\repository\io\cucumber\datatable\3.3.1\datatable-3.3.1.jar;C:\Users\c29ra\.m2\repository\io\cucumber\cucumber-plugin\5.7.0\cucumber-plugin-5.7.0.jar;C:\Users\c29ra\.m2\repository\io\cucumber\docstring\5.7.0\docstring-5.7.0.jar;C:\Users\c29ra\.m2\repository\org\apiguardian\apiguardian-api\1.1.0\apiguardian-api-1.1.0.jar;C:\Users\c29ra\.m2\repository\io\cucumber\cucumber-html\0.2.7\cucumber-html-0.2.7.jar;C:\Users\c29ra\.m2\repository\io\cucumber\cucumber-java\5.7.0\cucumber-java-5.7.0.jar;C:\Users\c29ra\.m2\repository\io\cucumber\cucumber-testng\5.7.0\cucumber-testng-5.7.0.jar;C:\Users\c29ra\.m2\repository\io\cucumber\cucumber-jvm-deps\1.0.6\cucumber-jvm-deps-1.0.6.jar;C:\Users\c29ra\.m2\repository\net\masterthought\cucumber-reporting\5.2.2\cucumber-reporting-5.2.2.jar;C:\Users\c29ra\.m2\repository\com\fasterxml\jackson\core\jackson-databind\2.10.1\jackson-databind-2.10.1.jar;C:\Users\c29ra\.m2\repository\com\fasterxml\jackson\core\jackson-annotations\2.10.1\jackson-annotations-2.10.1.jar;C:\Users\c29ra\.m2\repository\com\fasterxml\jackson\core\jackson-core\2.10.1\jackson-core-2.10.1.jar;C:\Users\c29ra\.m2\repository\com\fasterxml\jackson\datatype\jackson-datatype-jsr310\2.10.1\jackson-datatype-jsr310-2.10.1.jar;C:\Users\c29ra\.m2\repository\org\apache\velocity\velocity-engine-core\2.1\velocity-engine-core-2.1.jar;C:\Users\c29ra\.m2\repository\commons-collections\commons-collections\3.2.2\commons-collections-3.2.2.jar;C:\Users\c29ra\.m2\repository\joda-time\joda-time\2.10.5\joda-time-2.10.5.jar;C:\Users\c29ra\.m2\repository\org\apache\commons\commons-lang3\3.9\commons-lang3-3.9.jar;C:\Users\c29ra\.m2\repository\org\codehaus\plexus\plexus-utils\3.3.0\plexus-utils-3.3.0.jar;C:\Users\c29ra\.m2\repository\org\jsoup\jsoup\1.12.1\jsoup-1.12.1.jar;C:\Users\c29ra\.m2\repository\com\googlecode\owasp-java-html-sanitizer\owasp-java-html-sanitizer\20191001.1\owasp-java-html-sanitizer-20191001.1.jar;C:\Users\c29ra\.m2\repository\commons-configuration\commons-configuration\1.10\commons-configuration-1.10.jar;C:\Users\c29ra\.m2\repository\commons-lang\commons-lang\2.6\commons-lang-2.6.jar;C:\Users\c29ra\.m2\repository\commons-logging\commons-logging\1.1.1\commons-logging-1.1.1.jar;C:\Users\c29ra\.m2\repository\io\cucumber\gherkin\5.1.0\gherkin-5.1.0.jar;C:\Users\c29ra\.m2\repository\io\cucumber\gherkin-jvm-deps\1.0.4\gherkin-jvm-deps-1.0.4.jar;C:\Users\c29ra\.m2\repository\io\cucumber\cucumber-picocontainer\5.7.0\cucumber-picocontainer-5.7.0.jar;C:\Users\c29ra\.m2\repository\org\picocontainer\picocontainer\2.15\picocontainer-2.15.jar;C:\Users\c29ra\.m2\repository\org\testng\testng\6.14.3\testng-6.14.3.jar;C:\Users\c29ra\.m2\repository\com\beust\jcommander\1.72\jcommander-1.72.jar;C:\Users\c29ra\.m2\repository\org\apache-extras\beanshell\bsh\2.0b6\bsh-2.0b6.jar;C:\Users\c29ra\.m2\repository\org\seleniumhq\selenium\selenium-java\3.141.59\selenium-java-3.141.59.jar;C:\Users\c29ra\.m2\repository\org\seleniumhq\selenium\selenium-api\3.141.59\selenium-api-3.141.59.jar;C:\Users\c29ra\.m2\repository\org\seleniumhq\selenium\selenium-chrome-driver\3.141.59\selenium-chrome-driver-3.141.59.jar;C:\Users\c29ra\.m2\repository\org\seleniumhq\selenium\selenium-edge-driver\3.141.59\selenium-edge-driver-3.141.59.jar;C:\Users\c29ra\.m2\repository\org\seleniumhq\selenium\selenium-firefox-driver\3.141.59\selenium-firefox-driver-3.141.59.jar;C:\Users\c29ra\.m2\repository\org\seleniumhq\selenium\selenium-ie-driver\3.141.59\selenium-ie-driver-3.141.59.jar;C:\Users\c29ra\.m2\repository\org\seleniumhq\selenium\selenium-opera-driver\3.141.59\selenium-opera-driver-3.141.59.jar;C:\Users\c29ra\.m2\repository\org\seleniumhq\selenium\selenium-remote-driver\3.141.59\selenium-remote-driver-3.141.59.jar;C:\Users\c29ra\.m2\repository\org\seleniumhq\selenium\selenium-safari-driver\3.141.59\selenium-safari-driver-3.141.59.jar;C:\Users\c29ra\.m2\repository\org\seleniumhq\selenium\selenium-support\3.141.59\selenium-support-3.141.59.jar;C:\Users\c29ra\.m2\repository\net\bytebuddy\byte-buddy\1.8.15\byte-buddy-1.8.15.jar;C:\Users\c29ra\.m2\repository\org\apache\commons\commons-exec\1.3\commons-exec-1.3.jar;C:\Users\c29ra\.m2\repository\com\google\guava\guava\25.0-jre\guava-25.0-jre.jar;C:\Users\c29ra\.m2\repository\com\google\code\findbugs\jsr305\1.3.9\jsr305-1.3.9.jar;C:\Users\c29ra\.m2\repository\org\checkerframework\checker-compat-qual\2.0.0\checker-compat-qual-2.0.0.jar;C:\Users\c29ra\.m2\repository\com\google\errorprone\error_prone_annotations\2.1.3\error_prone_annotations-2.1.3.jar;C:\Users\c29ra\.m2\repository\com\google\j2objc\j2objc-annotations\1.1\j2objc-annotations-1.1.jar;C:\Users\c29ra\.m2\repository\org\codehaus\mojo\animal-sniffer-annotations\1.14\animal-sniffer-annotations-1.14.jar;C:\Users\c29ra\.m2\repository\com\squareup\okhttp3\okhttp\3.11.0\okhttp-3.11.0.jar;C:\Users\c29ra\.m2\repository\com\squareup\okio\okio\1.14.0\okio-1.14.0.jar;C:\Users\c29ra\.m2\repository\io\cucumber\cucumber-junit\5.7.0\cucumber-junit-5.7.0.jar;C:\Users\c29ra\.m2\repository\net\sourceforge\cobertura\cobertura\2.1.1\cobertura-2.1.1.jar;C:\Users\c29ra\.m2\repository\org\ow2\asm\asm\5.0.1\asm-5.0.1.jar;C:\Users\c29ra\.m2\repository\org\ow2\asm\asm-tree\5.0.1\asm-tree-5.0.1.jar;C:\Users\c29ra\.m2\repository\org\ow2\asm\asm-commons\5.0.1\asm-commons-5.0.1.jar;C:\Users\c29ra\.m2\repository\org\ow2\asm\asm-util\5.0.1\asm-util-5.0.1.jar;C:\Users\c29ra\.m2\repository\org\ow2\asm\asm-analysis\5.0.1\asm-analysis-5.0.1.jar;C:\Users\c29ra\.m2\repository\oro\oro\2.0.8\oro-2.0.8.jar;C:\Users\c29ra\.m2\repository\jaxen\jaxen\1.1.4\jaxen-1.1.4.jar;C:\Users\c29ra\.m2\repository\org\apache\ant\ant\1.8.3\ant-1.8.3.jar;C:\Users\c29ra\.m2\repository\org\apache\ant\ant-launcher\1.8.3\ant-launcher-1.8.3.jar;C:\Users\c29ra\.m2\repository\org\apache\ant\ant-junit\1.8.3\ant-junit-1.8.3.jar;C:\Users\c29ra\.m2\repository\org\mortbay\jetty\servlet-api-2.5\6.1.14\servlet-api-2.5-6.1.14.jar;C:\Users\c29ra\.m2\repository\org\mortbay\jetty\jetty\6.1.14\jetty-6.1.14.jar;C:\Users\c29ra\.m2\repository\org\mortbay\jetty\jetty-util\6.1.14\jetty-util-6.1.14.jar;C:\Program Files\Java\jdk1.8.0_241\jre\..\lib\tools.jar;C:\Users\c29ra\.m2\repository\org\slf4j\slf4j-api\1.7.5\slf4j-api-1.7.5.jar;C:\Users\c29ra\.m2\repository\ch\qos\logback\logback-classic\1.0.13\logback-classic-1.0.13.jar;C:\Users\c29ra\.m2\repository\ch\qos\logback\logback-core\1.0.13\logback-core-1.0.13.jar;C:\Users\c29ra\.m2\repository\org\hamcrest\hamcrest-core\2.2\hamcrest-core-2.2.jar;C:\Users\c29ra\.m2\repository\org\hamcrest\hamcrest\2.2\hamcrest-2.2.jar;C:\Users\c29ra\.m2\repository\commons-io\commons-io\2.6\commons-io-2.6.jar;C:\Users\c29ra\.m2\repository\org\apache\poi\poi\4.0.1\poi-4.0.1.jar;C:\Users\c29ra\.m2\repository\commons-codec\commons-codec\1.11\commons-codec-1.11.jar;C:\Users\c29ra\.m2\repository\org\apache\commons\commons-collections4\4.2\commons-collections4-4.2.jar;C:\Users\c29ra\.m2\repository\org\apache\commons\commons-math3\3.6.1\commons-math3-3.6.1.jar;C:\Users\c29ra\.m2\repository\org\apache\poi\poi-ooxml\4.0.1\poi-ooxml-4.0.1.jar;C:\Users\c29ra\.m2\repository\org\apache\poi\poi-ooxml-schemas\4.0.1\poi-ooxml-schemas-4.0.1.jar;C:\Users\c29ra\.m2\repository\org\apache\xmlbeans\xmlbeans\3.0.2\xmlbeans-3.0.2.jar;C:\Users\c29ra\.m2\repository\org\apache\commons\commons-compress\1.18\commons-compress-1.18.jar;C:\Users\c29ra\.m2\repository\com\github\virtuald\curvesapi\1.05\curvesapi-1.05.jar;"/>
    <property name="java.vm.vendor" value="Oracle Corporation"/>
    <property name="sun.arch.data.model" value="64"/>
    <property name="user.variant" value=""/>
    <property name="java.vendor.url" value="http://java.oracle.com/"/>
    <property name="user.timezone" value="Asia/Calcutta"/>
    <property name="java.vm.specification.version" value="1.8"/>
    <property name="os.name" value="Windows 10"/>
    <property name="user.country" value="US"/>
    <property name="sun.java.launcher" value="SUN_STANDARD"/>
    <property name="sun.boot.library.path" value="C:\Program Files\Java\jdk1.8.0_241\jre\bin"/>
    <property name="sun.java.command" value="C:\Users\c29ra\AppData\Local\Temp\surefire7257323782916018290\surefirebooter2858653651789141278.jar C:\Users\c29ra\AppData\Local\Temp\surefire7257323782916018290 2020-05-17T11-17-59_353-jvmRun2 surefire7594727346454192190tmp surefire_03821506404507313726tmp"/>
    <property name="surefire.test.class.path" value="D:\Projects\JavaProjects\LearnCucumber\target\test-classes;D:\Projects\JavaProjects\LearnCucumber\target\classes;C:\Users\c29ra\.m2\repository\junit\junit\4.11\junit-4.11.jar;C:\Users\c29ra\.m2\repository\io\cucumber\cucumber-core\5.7.0\cucumber-core-5.7.0.jar;C:\Users\c29ra\.m2\repository\io\cucumber\cucumber-gherkin\5.7.0\cucumber-gherkin-5.7.0.jar;C:\Users\c29ra\.m2\repository\io\cucumber\cucumber-gherkin-vintage\5.7.0\cucumber-gherkin-vintage-5.7.0.jar;C:\Users\c29ra\.m2\repository\io\cucumber\tag-expressions\2.0.4\tag-expressions-2.0.4.jar;C:\Users\c29ra\.m2\repository\io\cucumber\cucumber-expressions\8.3.1\cucumber-expressions-8.3.1.jar;C:\Users\c29ra\.m2\repository\io\cucumber\datatable\3.3.1\datatable-3.3.1.jar;C:\Users\c29ra\.m2\repository\io\cucumber\cucumber-plugin\5.7.0\cucumber-plugin-5.7.0.jar;C:\Users\c29ra\.m2\repository\io\cucumber\docstring\5.7.0\docstring-5.7.0.jar;C:\Users\c29ra\.m2\repository\org\apiguardian\apiguardian-api\1.1.0\apiguardian-api-1.1.0.jar;C:\Users\c29ra\.m2\repository\io\cucumber\cucumber-html\0.2.7\cucumber-html-0.2.7.jar;C:\Users\c29ra\.m2\repository\io\cucumber\cucumber-java\5.7.0\cucumber-java-5.7.0.jar;C:\Users\c29ra\.m2\repository\io\cucumber\cucumber-testng\5.7.0\cucumber-testng-5.7.0.jar;C:\Users\c29ra\.m2\repository\io\cucumber\cucumber-jvm-deps\1.0.6\cucumber-jvm-deps-1.0.6.jar;C:\Users\c29ra\.m2\repository\net\masterthought\cucumber-reporting\5.2.2\cucumber-reporting-5.2.2.jar;C:\Users\c29ra\.m2\repository\com\fasterxml\jackson\core\jackson-databind\2.10.1\jackson-databind-2.10.1.jar;C:\Users\c29ra\.m2\repository\com\fasterxml\jackson\core\jackson-annotations\2.10.1\jackson-annotations-2.10.1.jar;C:\Users\c29ra\.m2\repository\com\fasterxml\jackson\core\jackson-core\2.10.1\jackson-core-2.10.1.jar;C:\Users\c29ra\.m2\repository\com\fasterxml\jackson\datatype\jackson-datatype-jsr310\2.10.1\jackson-datatype-jsr310-2.10.1.jar;C:\Users\c29ra\.m2\repository\org\apache\velocity\velocity-engine-core\2.1\velocity-engine-core-2.1.jar;C:\Users\c29ra\.m2\repository\commons-collections\commons-collections\3.2.2\commons-collections-3.2.2.jar;C:\Users\c29ra\.m2\repository\joda-time\joda-time\2.10.5\joda-time-2.10.5.jar;C:\Users\c29ra\.m2\repository\org\apache\commons\commons-lang3\3.9\commons-lang3-3.9.jar;C:\Users\c29ra\.m2\repository\org\codehaus\plexus\plexus-utils\3.3.0\plexus-utils-3.3.0.jar;C:\Users\c29ra\.m2\repository\org\jsoup\jsoup\1.12.1\jsoup-1.12.1.jar;C:\Users\c29ra\.m2\repository\com\googlecode\owasp-java-html-sanitizer\owasp-java-html-sanitizer\20191001.1\owasp-java-html-sanitizer-20191001.1.jar;C:\Users\c29ra\.m2\repository\commons-configuration\commons-configuration\1.10\commons-configuration-1.10.jar;C:\Users\c29ra\.m2\repository\commons-lang\commons-lang\2.6\commons-lang-2.6.jar;C:\Users\c29ra\.m2\repository\commons-logging\commons-logging\1.1.1\commons-logging-1.1.1.jar;C:\Users\c29ra\.m2\repository\io\cucumber\gherkin\5.1.0\gherkin-5.1.0.jar;C:\Users\c29ra\.m2\repository\io\cucumber\gherkin-jvm-deps\1.0.4\gherkin-jvm-deps-1.0.4.jar;C:\Users\c29ra\.m2\repository\io\cucumber\cucumber-picocontainer\5.7.0\cucumber-picocontainer-5.7.0.jar;C:\Users\c29ra\.m2\repository\org\picocontainer\picocontainer\2.15\picocontainer-2.15.jar;C:\Users\c29ra\.m2\repository\org\testng\testng\6.14.3\testng-6.14.3.jar;C:\Users\c29ra\.m2\repository\com\beust\jcommander\1.72\jcommander-1.72.jar;C:\Users\c29ra\.m2\repository\org\apache-extras\beanshell\bsh\2.0b6\bsh-2.0b6.jar;C:\Users\c29ra\.m2\repository\org\seleniumhq\selenium\selenium-java\3.141.59\selenium-java-3.141.59.jar;C:\Users\c29ra\.m2\repository\org\seleniumhq\selenium\selenium-api\3.141.59\selenium-api-3.141.59.jar;C:\Users\c29ra\.m2\repository\org\seleniumhq\selenium\selenium-chrome-driver\3.141.59\selenium-chrome-driver-3.141.59.jar;C:\Users\c29ra\.m2\repository\org\seleniumhq\selenium\selenium-edge-driver\3.141.59\selenium-edge-driver-3.141.59.jar;C:\Users\c29ra\.m2\repository\org\seleniumhq\selenium\selenium-firefox-driver\3.141.59\selenium-firefox-driver-3.141.59.jar;C:\Users\c29ra\.m2\repository\org\seleniumhq\selenium\selenium-ie-driver\3.141.59\selenium-ie-driver-3.141.59.jar;C:\Users\c29ra\.m2\repository\org\seleniumhq\selenium\selenium-opera-driver\3.141.59\selenium-opera-driver-3.141.59.jar;C:\Users\c29ra\.m2\repository\org\seleniumhq\selenium\selenium-remote-driver\3.141.59\selenium-remote-driver-3.141.59.jar;C:\Users\c29ra\.m2\repository\org\seleniumhq\selenium\selenium-safari-driver\3.141.59\selenium-safari-driver-3.141.59.jar;C:\Users\c29ra\.m2\repository\org\seleniumhq\selenium\selenium-support\3.141.59\selenium-support-3.141.59.jar;C:\Users\c29ra\.m2\repository\net\bytebuddy\byte-buddy\1.8.15\byte-buddy-1.8.15.jar;C:\Users\c29ra\.m2\repository\org\apache\commons\commons-exec\1.3\commons-exec-1.3.jar;C:\Users\c29ra\.m2\repository\com\google\guava\guava\25.0-jre\guava-25.0-jre.jar;C:\Users\c29ra\.m2\repository\com\google\code\findbugs\jsr305\1.3.9\jsr305-1.3.9.jar;C:\Users\c29ra\.m2\repository\org\checkerframework\checker-compat-qual\2.0.0\checker-compat-qual-2.0.0.jar;C:\Users\c29ra\.m2\repository\com\google\errorprone\error_prone_annotations\2.1.3\error_prone_annotations-2.1.3.jar;C:\Users\c29ra\.m2\repository\com\google\j2objc\j2objc-annotations\1.1\j2objc-annotations-1.1.jar;C:\Users\c29ra\.m2\repository\org\codehaus\mojo\animal-sniffer-annotations\1.14\animal-sniffer-annotations-1.14.jar;C:\Users\c29ra\.m2\repository\com\squareup\okhttp3\okhttp\3.11.0\okhttp-3.11.0.jar;C:\Users\c29ra\.m2\repository\com\squareup\okio\okio\1.14.0\okio-1.14.0.jar;C:\Users\c29ra\.m2\repository\io\cucumber\cucumber-junit\5.7.0\cucumber-junit-5.7.0.jar;C:\Users\c29ra\.m2\repository\net\sourceforge\cobertura\cobertura\2.1.1\cobertura-2.1.1.jar;C:\Users\c29ra\.m2\repository\org\ow2\asm\asm\5.0.1\asm-5.0.1.jar;C:\Users\c29ra\.m2\repository\org\ow2\asm\asm-tree\5.0.1\asm-tree-5.0.1.jar;C:\Users\c29ra\.m2\repository\org\ow2\asm\asm-commons\5.0.1\asm-commons-5.0.1.jar;C:\Users\c29ra\.m2\repository\org\ow2\asm\asm-util\5.0.1\asm-util-5.0.1.jar;C:\Users\c29ra\.m2\repository\org\ow2\asm\asm-analysis\5.0.1\asm-analysis-5.0.1.jar;C:\Users\c29ra\.m2\repository\oro\oro\2.0.8\oro-2.0.8.jar;C:\Users\c29ra\.m2\repository\jaxen\jaxen\1.1.4\jaxen-1.1.4.jar;C:\Users\c29ra\.m2\repository\org\apache\ant\ant\1.8.3\ant-1.8.3.jar;C:\Users\c29ra\.m2\repository\org\apache\ant\ant-launcher\1.8.3\ant-launcher-1.8.3.jar;C:\Users\c29ra\.m2\repository\org\apache\ant\ant-junit\1.8.3\ant-junit-1.8.3.jar;C:\Users\c29ra\.m2\repository\org\mortbay\jetty\servlet-api-2.5\6.1.14\servlet-api-2.5-6.1.14.jar;C:\Users\c29ra\.m2\repository\org\mortbay\jetty\jetty\6.1.14\jetty-6.1.14.jar;C:\Users\c29ra\.m2\repository\org\mortbay\jetty\jetty-util\6.1.14\jetty-util-6.1.14.jar;C:\Program Files\Java\jdk1.8.0_241\jre\..\lib\tools.jar;C:\Users\c29ra\.m2\repository\org\slf4j\slf4j-api\1.7.5\slf4j-api-1.7.5.jar;C:\Users\c29ra\.m2\repository\ch\qos\logback\logback-classic\1.0.13\logback-classic-1.0.13.jar;C:\Users\c29ra\.m2\repository\ch\qos\logback\logback-core\1.0.13\logback-core-1.0.13.jar;C:\Users\c29ra\.m2\repository\org\hamcrest\hamcrest-core\2.2\hamcrest-core-2.2.jar;C:\Users\c29ra\.m2\repository\org\hamcrest\hamcrest\2.2\hamcrest-2.2.jar;C:\Users\c29ra\.m2\repository\commons-io\commons-io\2.6\commons-io-2.6.jar;C:\Users\c29ra\.m2\repository\org\apache\poi\poi\4.0.1\poi-4.0.1.jar;C:\Users\c29ra\.m2\repository\commons-codec\commons-codec\1.11\commons-codec-1.11.jar;C:\Users\c29ra\.m2\repository\org\apache\commons\commons-collections4\4.2\commons-collections4-4.2.jar;C:\Users\c29ra\.m2\repository\org\apache\commons\commons-math3\3.6.1\commons-math3-3.6.1.jar;C:\Users\c29ra\.m2\repository\org\apache\poi\poi-ooxml\4.0.1\poi-ooxml-4.0.1.jar;C:\Users\c29ra\.m2\repository\org\apache\poi\poi-ooxml-schemas\4.0.1\poi-ooxml-schemas-4.0.1.jar;C:\Users\c29ra\.m2\repository\org\apache\xmlbeans\xmlbeans\3.0.2\xmlbeans-3.0.2.jar;C:\Users\c29ra\.m2\repository\org\apache\commons\commons-compress\1.18\commons-compress-1.18.jar;C:\Users\c29ra\.m2\repository\com\github\virtuald\curvesapi\1.05\curvesapi-1.05.jar;"/>
    <property name="sun.cpu.endian" value="little"/>
    <property name="user.home" value="C:\Users\c29ra"/>
    <property name="user.language" value="en"/>
    <property name="java.specification.vendor" value="Oracle Corporation"/>
    <property name="java.home" value="C:\Program Files\Java\jdk1.8.0_241\jre"/>
    <property name="basedir" value="D:\Projects\JavaProjects\LearnCucumber"/>
    <property name="file.separator" value="\"/>
    <property name="line.separator" value="&#10;"/>
    <property name="java.vm.specification.vendor" value="Oracle Corporation"/>
    <property name="java.specification.name" value="Java Platform API Specification"/>
    <property name="java.awt.graphicsenv" value="sun.awt.Win32GraphicsEnvironment"/>
    <property name="surefire.real.class.path" value="C:\Users\c29ra\AppData\Local\Temp\surefire7257323782916018290\surefirebooter2858653651789141278.jar"/>
    <property name="sun.boot.class.path" value="C:\Program Files\Java\jdk1.8.0_241\jre\lib\resources.jar;C:\Program Files\Java\jdk1.8.0_241\jre\lib\rt.jar;C:\Program Files\Java\jdk1.8.0_241\jre\lib\sunrsasign.jar;C:\Program Files\Java\jdk1.8.0_241\jre\lib\jsse.jar;C:\Program Files\Java\jdk1.8.0_241\jre\lib\jce.jar;C:\Program Files\Java\jdk1.8.0_241\jre\lib\charsets.jar;C:\Program Files\Java\jdk1.8.0_241\jre\lib\jfr.jar;C:\Program Files\Java\jdk1.8.0_241\jre\classes"/>
    <property name="user.script" value=""/>
    <property name="sun.management.compiler" value="HotSpot 64-Bit Tiered Compilers"/>
    <property name="java.runtime.version" value="1.8.0_241-b07"/>
    <property name="user.name" value="c29ra"/>
    <property name="path.separator" value=";"/>
    <property name="os.version" value="10.0"/>
    <property name="java.endorsed.dirs" value="C:\Program Files\Java\jdk1.8.0_241\jre\lib\endorsed"/>
    <property name="java.runtime.name" value="Java(TM) SE Runtime Environment"/>
    <property name="file.encoding" value="Cp1252"/>
    <property name="java.vm.name" value="Java HotSpot(TM) 64-Bit Server VM"/>
    <property name="localRepository" value="C:\Users\c29ra\.m2\repository"/>
    <property name="java.vendor.url.bug" value="http://bugreport.sun.com/bugreport/"/>
    <property name="java.io.tmpdir" value="C:\Users\c29ra\AppData\Local\Temp\"/>
    <property name="java.version" value="1.8.0_241"/>
    <property name="user.dir" value="D:\Projects\JavaProjects\LearnCucumber"/>
    <property name="os.arch" value="amd64"/>
    <property name="java.vm.specification.name" value="Java Virtual Machine Specification"/>
    <property name="java.awt.printerjob" value="sun.awt.windows.WPrinterJob"/>
    <property name="sun.os.patch.level" value=""/>
    <property name="java.library.path" value="C:\Program Files\Java\jdk1.8.0_241\jre\bin;C:\WINDOWS\Sun\Java\bin;C:\WINDOWS\system32;C:\WINDOWS;C:\ProgramData\Oracle\Java\javapath;C:\Windows\system32;C:\Windows;C:\Windows\System32\Wbem;C:\Windows\System32\WindowsPowerShell\v1.0\;c:\Program Files\Intel\WiFi\bin\;c:\Program Files\Common Files\Intel\WirelessCommon\;C:\Program Files (x86)\NVIDIA Corporation\PhysX\Common;C:\Program Files\MySQL\MySQL Utilities 1.6\;C:\Program Files\Apache\apache-maven-3.5.3\bin;C:\WINDOWS\system32;C:\WINDOWS;C:\WINDOWS\System32\Wbem;C:\WINDOWS\System32\WindowsPowerShell\v1.0\;C:\WINDOWS\System32\OpenSSH\;C:\Program Files\dotnet\;C:\Program Files\Microsoft SQL Server\130\Tools\Binn\;C:\Program Files\Microsoft SQL Server\Client SDK\ODBC\130\Tools\Binn\;C:\Program Files (x86)\Microsoft SQL Server\140\Tools\Binn\;C:\Program Files\Microsoft SQL Server\140\Tools\Binn\;C:\Program Files\Microsoft SQL Server\140\DTS\Binn\;C:\Program Files (x86)\Microsoft SQL Server\Client SDK\ODBC\130\Tools\Binn\;C:\Program Files (x86)\Microsoft SQL Server\140\DTS\Binn\;C:\Program Files (x86)\Microsoft SQL Server\140\Tools\Binn\ManagementStudio\;C:\Program Files (x86)\Microsoft SQL Server\110\DTS\Binn\;C:\Program Files (x86)\Microsoft SQL Server\120\DTS\Binn\;C:\Program Files (x86)\Microsoft SQL Server\130\DTS\Binn\;C:\Program Files\Sublime Text 3;C:\Program Files\nodejs\;C:\Program Files\PuTTY\;C:\Program Files (x86)\Brackets\command;C:\Program Files\Java\jdk1.8.0_241\bin;C:\Program Files\MySQL\MySQL Shell 8.0\bin\;C:\Users\c29ra\AppData\Local\Programs\Python\Python36-32\Scripts\;C:\Users\c29ra\AppData\Local\Programs\Python\Python36-32\;C:\Users\c29ra\AppData\Local\Microsoft\WindowsApps;c:\Program Files\Intel\WiFi\bin\;c:\Program Files\Common Files\Intel\WirelessCommon\;C:\Users\c29ra\AppData\Local\hyper\app-3.0.2\resources\bin;C:\Users\c29ra\AppData\Roaming\npm;C:\Users\c29ra\AppData\Local\Programs\Microsoft VS Code\bin;C:\Users\c29ra\AppData\Local\atom\bin;C:\Program Files\Docker Toolbox;."/>
    <property name="java.vm.info" value="mixed mode"/>
    <property name="java.vendor" value="Oracle Corporation"/>
    <property name="java.vm.version" value="25.241-b07"/>
    <property name="java.ext.dirs" value="C:\Program Files\Java\jdk1.8.0_241\jre\lib\ext;C:\WINDOWS\Sun\Java\lib\ext"/>
    <property name="sun.io.unicode.encoding" value="UnicodeLittle"/>
    <property name="java.class.version" value="52.0"/>
  </properties>
  <testcase name="runScenario" classname="com.udemy.pageclasses.ZapposTestRunner2" time="40.319">
    <failure message="expected [https://www.zappo.com/] but found [https://www.zappos.com/]" type="java.lang.AssertionError"><![CDATA[java.lang.AssertionError: expected [https://www.zappo.com/] but found [https://www.zappos.com/]
]]></failure>
    <system-out><![CDATA[
Scenario: Product Search                                        # src/test/java/com/udemy/pageclasses/zappostest.feature:3
/D:/Projects/JavaProjects/LearnCucumber/target/test-classes/
/D:/Projects/JavaProjects/LearnCucumber/target/test-classes/
Driver Service from Hook-1685407532
Hook before method without Tagging
  Given User landed at HomePage                                 # com.udemy.pageclasses.ZapposStepDefn.user_landed_at_HomePage()
  When User Clicked on Sigin and Navigate to Login Page         # com.udemy.pageclasses.ZapposStepDefn.user_Clicked_on_Sigin_and_Navigate_to_Login_Page()
      java.lang.AssertionError: expected [https://www.zappo.com/] but found [https://www.zappos.com/]
	at org.testng.Assert.fail(Assert.java:96)
	at org.testng.Assert.failNotEquals(Assert.java:776)
	at org.testng.Assert.assertEqualsImpl(Assert.java:137)
	at org.testng.Assert.assertEquals(Assert.java:118)
	at org.testng.Assert.assertEquals(Assert.java:453)
	at org.testng.Assert.assertEquals(Assert.java:463)
	at com.udemy.pageclasses.ZapposStepDefn.user_Clicked_on_Sigin_and_Navigate_to_Login_Page(ZapposStepDefn.java:52)
	at ?.User Clicked on Sigin and Navigate to Login Page(file:///D:/Projects/JavaProjects/LearnCucumber/src/test/java/com/udemy/pageclasses/zappostest.feature:5)

  And User provide credentials and Navigate to User Search Page # com.udemy.pageclasses.ZapposStepDefn.user_provide_credentials_and_Navigate_to_User_Search_Page()
  And User Search Product "Shoe"                                # com.udemy.pageclasses.ZapposStepDefn.user_Search_Product(java.lang.String)
  Then Product Search result should be displayed                # com.udemy.pageclasses.ZapposStepDefn.product_Search_result_should_be_displayed()

    Embedding Test Attach screenshot [image/png 1088867 bytes]

Hook after method
]]></system-out>
    <system-err><![CDATA[May 17, 2020 11:18:04 AM io.cucumber.testng.TestNGCucumberRunner <init>
WARNING: By default Cucumber is running in --non-strict mode.
This default will change to --strict and --non-strict will be removed.
You can use --strict or @CucumberOptions(strict = true) to suppress this warning
Starting ChromeDriver 81.0.4044.138 (8c6c7ba89cc9453625af54f11fd83179e23450fa-refs/branch-heads/4044@{#999}) on port 9078
Only local connections are allowed.
Please protect ports used by ChromeDriver and related test frameworks to prevent access by malicious code.
May 17, 2020 11:18:19 AM org.openqa.selenium.remote.ProtocolHandshake createSession
INFO: Detected dialect: W3C
[1589694502.528][SEVERE]: Timed out receiving message from renderer: 0.100
[1589694502.793][SEVERE]: Timed out receiving message from renderer: 0.100
[1589694502.949][SEVERE]: Timed out receiving message from renderer: 0.100
[1589694503.112][SEVERE]: Timed out receiving message from renderer: 0.100
[1589694503.300][SEVERE]: Timed out receiving message from renderer: 0.100
[1589694503.472][SEVERE]: Timed out receiving message from renderer: 0.100
[1589694503.765][SEVERE]: Timed out receiving message from renderer: 0.100
[1589694503.967][SEVERE]: Timed out receiving message from renderer: 0.100
[1589694504.183][SEVERE]: Timed out receiving message from renderer: 0.100
[1589694504.369][SEVERE]: Timed out receiving message from renderer: 0.100
[1589694504.600][SEVERE]: Timed out receiving message from renderer: 0.100
[1589694504.916][SEVERE]: Timed out receiving message from renderer: 0.100
[1589694505.126][SEVERE]: Timed out receiving message from renderer: 0.100
[1589694505.259][SEVERE]: Timed out receiving message from renderer: 0.100
[1589694505.366][SEVERE]: Timed out receiving message from renderer: 0.100
[1589694505.571][SEVERE]: Timed out receiving message from renderer: 0.100
[1589694505.742][SEVERE]: Timed out receiving message from renderer: 0.100
[1589694505.848][SEVERE]: Timed out receiving message from renderer: 0.100
[1589694505.996][SEVERE]: Timed out receiving message from renderer: 0.100
[1589694507.850][SEVERE]: Timed out receiving message from renderer: 0.100
[1589694509.211][SEVERE]: Timed out receiving message from renderer: 0.100
[1589694510.813][SEVERE]: Timed out receiving message from renderer: 0.100
[1589694511.141][SEVERE]: Timed out receiving message from renderer: 0.100
[1589694511.408][SEVERE]: Timed out receiving message from renderer: 0.100
[1589694511.805][SEVERE]: Timed out receiving message from renderer: 0.100
[1589694512.162][SEVERE]: Timed out receiving message from renderer: 0.100
[1589694512.611][SEVERE]: Timed out receiving message from renderer: 0.100
[1589694513.167][SEVERE]: Timed out receiving message from renderer: 0.100
[1589694513.659][SEVERE]: Timed out receiving message from renderer: 0.100
[1589694513.968][SEVERE]: Timed out receiving message from renderer: 0.100
]]></system-err>
  </testcase>
  <testcase name="runScenario" classname="com.udemy.pageclasses.ZapposTestRunner2" time="60.652"/>
  <testcase name="runScenario" classname="com.udemy.pageclasses.ZapposTestRunner2" time="35.04"/>
</testsuite>