<?xml version="1.0" encoding="UTF-8"?>
<!-- Generated by org.testng.reporters.JUnitReportReporter -->
<testsuite skipped="0" hostname="DESKTOP-TA6EE9O" name="com.udemy.LearnCucumber.UdemyRunner" tests="2" failures="0" timestamp="11 May 2020 07:01:09 GMT" time="0.341" errors="0">
  <testcase name="runScenario" time="0.322" classname="com.udemy.LearnCucumber.UdemyRunner"/>
  <testcase name="runScenario" time="0.019" classname="com.udemy.LearnCucumber.UdemyRunner"/>
</testsuite> <!-- com.udemy.LearnCucumber.UdemyRunner -->
