<?xml version="1.0" encoding="UTF-8"?>
<!-- Generated by org.testng.reporters.JUnitReportReporter -->
<testsuite skipped="0" hostname="DESKTOP-TA6EE9O" name="com.udemy.iframes.FrameRunner" tests="1" failures="0" timestamp="08 May 2020 09:31:48 GMT" time="22.882" errors="0">
  <testcase name="runScenario" time="22.882" classname="com.udemy.iframes.FrameRunner"/>
</testsuite> <!-- com.udemy.iframes.FrameRunner -->
