<?xml version="1.0" encoding="UTF-8"?>
<!-- Generated by org.testng.reporters.JUnitReportReporter -->
<testsuite skipped="0" hostname="DESKTOP-TA6EE9O" name="com.udemy.datadriven.DataRunner" tests="3" failures="0" timestamp="15 May 2020 08:36:32 GMT" time="0.242" errors="0">
  <testcase name="runScenario" time="0.224" classname="com.udemy.datadriven.DataRunner"/>
  <testcase name="runScenario" time="0.009" classname="com.udemy.datadriven.DataRunner"/>
  <testcase name="runScenario" time="0.009" classname="com.udemy.datadriven.DataRunner"/>
</testsuite> <!-- com.udemy.datadriven.DataRunner -->
