<?xml version="1.0" encoding="UTF-8"?>
<!-- Generated by org.testng.reporters.JUnitReportReporter -->
<testsuite skipped="0" hostname="DESKTOP-TA6EE9O" name="com.udemy.runner.FbClassRunner" tests="3" failures="0" timestamp="07 May 2020 12:53:24 GMT" time="93.489" errors="0">
  <testcase name="runScenario" time="36.147" classname="com.udemy.runner.FbClassRunner"/>
  <testcase name="runScenario" time="35.620" classname="com.udemy.runner.FbClassRunner"/>
  <testcase name="runScenario" time="21.722" classname="com.udemy.runner.FbClassRunner"/>
</testsuite> <!-- com.udemy.runner.FbClassRunner -->
