<?xml version="1.0" encoding="UTF-8"?>
<!-- Generated by org.testng.reporters.JUnitReportReporter -->
<testsuite skipped="0" hostname="DESKTOP-TA6EE9O" name="com.udemy.windowhandle.WindowRunner" tests="1" failures="0" timestamp="08 May 2020 12:49:38 GMT" time="49.179" errors="0">
  <testcase name="runScenario" time="49.179" classname="com.udemy.windowhandle.WindowRunner"/>
</testsuite> <!-- com.udemy.windowhandle.WindowRunner -->
