<?xml version="1.0" encoding="UTF-8"?>
<!-- Generated by org.testng.reporters.JUnitReportReporter -->
<testsuite skipped="0" hostname="DESKTOP-TA6EE9O" name="com.udemy.LearnCucumber.FbRunner" tests="2" failures="0" timestamp="05 May 2020 09:56:11 GMT" time="0.406" errors="0">
  <testcase name="runScenario" time="0.016" classname="com.udemy.LearnCucumber.FbRunner"/>
  <testcase name="runScenario" time="0.390" classname="com.udemy.LearnCucumber.FbRunner"/>
</testsuite> <!-- com.udemy.LearnCucumber.FbRunner -->
