<?xml version="1.0" encoding="UTF-8"?>
<!-- Generated by org.testng.reporters.JUnitReportReporter -->
<testsuite skipped="0" hostname="DESKTOP-TA6EE9O" name="com.udemy.LearnCucumber.BrowserRunner" tests="2" failures="0" timestamp="06 May 2020 12:25:54 GMT" time="69.236" errors="0">
  <testcase name="runScenario" time="31.356" classname="com.udemy.LearnCucumber.BrowserRunner"/>
  <testcase name="runScenario" time="37.880" classname="com.udemy.LearnCucumber.BrowserRunner"/>
</testsuite> <!-- com.udemy.LearnCucumber.BrowserRunner -->
