<?xml version="1.0" encoding="UTF-8"?>
<!-- Generated by org.testng.reporters.JUnitReportReporter -->
<testsuite skipped="0" hostname="DESKTOP-TA6EE9O" name="com.udemy.alerts.AlertRunner" tests="1" failures="0" timestamp="12 May 2020 06:23:26 GMT" time="27.601" errors="0">
  <testcase name="runScenario" time="27.601" classname="com.udemy.alerts.AlertRunner"/>
</testsuite> <!-- com.udemy.alerts.AlertRunner -->
