<?xml version="1.0" encoding="UTF-8"?>
<!-- Generated by org.testng.reporters.JUnitReportReporter -->
<testsuite skipped="0" hostname="DESKTOP-TA6EE9O" name="com.udemy.pageclasses.ZapposTestRunner" tests="1" failures="0" timestamp="16 May 2020 05:45:55 GMT" time="36.240" errors="0">
  <testcase name="runScenario" time="36.240" classname="com.udemy.pageclasses.ZapposTestRunner"/>
</testsuite> <!-- com.udemy.pageclasses.ZapposTestRunner -->
