<?xml version="1.0" encoding="UTF-8"?>
<!-- Generated by org.testng.reporters.JUnitReportReporter -->
<testsuite skipped="0" hostname="DESKTOP-TA6EE9O" name="com.udemy.runner.LoginRunner" tests="4" failures="0" timestamp="05 May 2020 11:50:08 GMT" time="0.305" errors="0">
  <testcase name="runScenario" time="0.280" classname="com.udemy.runner.LoginRunner"/>
  <testcase name="runScenario" time="0.008" classname="com.udemy.runner.LoginRunner"/>
  <testcase name="runScenario" time="0.009" classname="com.udemy.runner.LoginRunner"/>
  <testcase name="runScenario" time="0.008" classname="com.udemy.runner.LoginRunner"/>
</testsuite> <!-- com.udemy.runner.LoginRunner -->
