<?xml version="1.0" encoding="UTF-8"?>
<!-- Generated by org.testng.reporters.JUnitReportReporter -->
<testsuite skipped="0" hostname="DESKTOP-TA6EE9O" name="com.udemy.compositeActions.ActionsRunner" tests="1" failures="0" timestamp="12 May 2020 09:16:06 GMT" time="20.069" errors="0">
  <testcase name="runScenario" time="20.069" classname="com.udemy.compositeActions.ActionsRunner"/>
</testsuite> <!-- com.udemy.compositeActions.ActionsRunner -->
