<?xml version="1.0" encoding="UTF-8"?>
<!-- Generated by org.testng.reporters.JUnitReportReporter -->
<testsuite skipped="0" hostname="DESKTOP-TA6EE9O" name="com.udemy.pageclasses.ZapposTestRunner" tests="1" failures="0" timestamp="17 May 2020 06:44:15 GMT" time="41.666" errors="0">
  <testcase name="runScenario" time="41.666" classname="com.udemy.pageclasses.ZapposTestRunner"/>
</testsuite> <!-- com.udemy.pageclasses.ZapposTestRunner -->
